<?xml version="1.0" encoding="UTF-8"?>
<!-- Generated by org.testng.reporters.JUnitXMLReporter -->
<testsuite hostname="FG2000044297" ignored="0" name="Hometown Test" tests="2" failures="0" timestamp="04 Aug 2018 10:54:59 GMT" time="53.414" errors="0">
  <testcase name="forgotPwdTest" time="23.186" classname="com.hometown.qa.testcases.ForgotPasswordPageTest"/>
  <testcase name="htLogoImageTest" time="0.049" classname="com.hometown.qa.testcases.HomePageTest"/>
</testsuite> <!-- Hometown Test -->
