<?xml version="1.0" encoding="UTF-8"?>
<testng-results skipped="0" failed="0" ignored="0" total="2" passed="2">
  <reporter-output>
  </reporter-output>
  <suite name="N11 Test Suite" duration-ms="53414" started-at="2018-08-04T10:54:06Z" finished-at="2018-08-04T10:54:59Z">
    <groups>
    </groups>
    <test name="Hometown Test" duration-ms="53414" started-at="2018-08-04T10:54:06Z" finished-at="2018-08-04T10:54:59Z">
      <class name="com.hometown.qa.testcases.ForgotPasswordPageTest">
        <test-method status="PASS" signature="setUp()[pri:0, instance:com.hometown.qa.testcases.ForgotPasswordPageTest@5bcab519]" name="setUp" is-config="true" duration-ms="12761" started-at="2018-08-04T16:24:06Z" finished-at="2018-08-04T16:24:18Z">
          <reporter-output>
          </reporter-output>
        </test-method> <!-- setUp -->
        <test-method status="PASS" signature="forgotPwdTest()[pri:1, instance:com.hometown.qa.testcases.ForgotPasswordPageTest@5bcab519]" name="forgotPwdTest" duration-ms="23186" started-at="2018-08-04T16:24:18Z" finished-at="2018-08-04T16:24:42Z">
          <reporter-output>
          </reporter-output>
        </test-method> <!-- forgotPwdTest -->
        <test-method status="PASS" signature="tearDown()[pri:0, instance:com.hometown.qa.testcases.ForgotPasswordPageTest@5bcab519]" name="tearDown" is-config="true" duration-ms="1880" started-at="2018-08-04T16:24:42Z" finished-at="2018-08-04T16:24:44Z">
          <reporter-output>
          </reporter-output>
        </test-method> <!-- tearDown -->
      </class> <!-- com.hometown.qa.testcases.ForgotPasswordPageTest -->
      <class name="com.hometown.qa.testcases.HomePageTest">
        <test-method status="PASS" signature="setUp()[pri:0, instance:com.hometown.qa.testcases.HomePageTest@e45f292]" name="setUp" is-config="true" duration-ms="13290" started-at="2018-08-04T16:24:44Z" finished-at="2018-08-04T16:24:57Z">
          <reporter-output>
          </reporter-output>
        </test-method> <!-- setUp -->
        <test-method status="PASS" signature="htLogoImageTest()[pri:1, instance:com.hometown.qa.testcases.HomePageTest@e45f292]" name="htLogoImageTest" duration-ms="49" started-at="2018-08-04T16:24:57Z" finished-at="2018-08-04T16:24:57Z">
          <reporter-output>
          </reporter-output>
        </test-method> <!-- htLogoImageTest -->
        <test-method status="PASS" signature="tearDown()[pri:0, instance:com.hometown.qa.testcases.HomePageTest@e45f292]" name="tearDown" is-config="true" duration-ms="1843" started-at="2018-08-04T16:24:57Z" finished-at="2018-08-04T16:24:59Z">
          <reporter-output>
          </reporter-output>
        </test-method> <!-- tearDown -->
      </class> <!-- com.hometown.qa.testcases.HomePageTest -->
    </test> <!-- Hometown Test -->
  </suite> <!-- N11 Test Suite -->
</testng-results>
